# JRE version: Java(TM) SE Runtime Environment (8.0_121-b13) (build 1.8.0_121-b13)
# Java VM: Java HotSpot(TM) 64-Bit Server VM (25.121-b13 mixed mode windows-amd64 compressed oops)
Heap:
 PSYoungGen      total 99840K, used 72871K [0x00000000d6000000, 0x00000000dd380000, 0x0000000100000000)
  eden space 89600K, 69% used [0x00000000d6000000,0x00000000d9d2f850,0x00000000db780000)
  from space 10240K, 99% used [0x00000000dc380000,0x00000000dcd7a678,0x00000000dcd80000)
  to   space 12288K, 0% used [0x00000000db780000,0x00000000db780000,0x00000000dc380000)
 ParOldGen       total 58880K, used 11155K [0x0000000082000000, 0x0000000085980000, 0x00000000d6000000)
  object space 58880K, 18% used [0x0000000082000000,0x0000000082ae4ee0,0x0000000085980000)
 Metaspace       used 29196K, capacity 30220K, committed 30336K, reserved 1075200K
  class space    used 3937K, capacity 4168K, committed 4224K, reserved 1048576K
GC Heap History (10 events):
Event: 1.088 GC heap before
{Heap before GC invocations=5 (full 0):
 PSYoungGen      total 70656K, used 63320K [0x00000000d6000000, 0x00000000daa00000, 0x0000000100000000)
  eden space 65536K, 88% used [0x00000000d6000000,0x00000000d98dbdf8,0x00000000da000000)
  from space 5120K, 99% used [0x00000000da500000,0x00000000da9fa408,0x00000000daa00000)
  to   space 5120K, 0% used [0x00000000da000000,0x00000000da000000,0x00000000da500000)
 ParOldGen       total 86016K, used 1502K [0x0000000082000000, 0x0000000087400000, 0x00000000d6000000)
  object space 86016K, 1% used [0x0000000082000000,0x0000000082177910,0x0000000087400000)
 Metaspace       used 20459K, capacity 21138K, committed 21296K, reserved 1067008K
  class space    used 2663K, capacity 2835K, committed 2944K, reserved 1048576K
Event: 1.096 GC heap after
Heap after GC invocations=5 (full 0):
 PSYoungGen      total 70656K, used 5109K [0x00000000d6000000, 0x00000000daa00000, 0x0000000100000000)
  eden space 65536K, 0% used [0x00000000d6000000,0x00000000d6000000,0x00000000da000000)
  from space 5120K, 99% used [0x00000000da000000,0x00000000da4fd580,0x00000000da500000)
  to   space 5120K, 0% used [0x00000000da500000,0x00000000da500000,0x00000000daa00000)
 ParOldGen       total 86016K, used 5517K [0x0000000082000000, 0x0000000087400000, 0x00000000d6000000)
  object space 86016K, 6% used [0x0000000082000000,0x00000000825637d8,0x0000000087400000)
 Metaspace       used 20459K, capacity 21138K, committed 21296K, reserved 1067008K
  class space    used 2663K, capacity 2835K, committed 2944K, reserved 1048576K
}
Event: 1.096 GC heap before
{Heap before GC invocations=6 (full 1):
 PSYoungGen      total 70656K, used 5109K [0x00000000d6000000, 0x00000000daa00000, 0x0000000100000000)
  eden space 65536K, 0% used [0x00000000d6000000,0x00000000d6000000,0x00000000da000000)
  from space 5120K, 99% used [0x00000000da000000,0x00000000da4fd580,0x00000000da500000)
  to   space 5120K, 0% used [0x00000000da500000,0x00000000da500000,0x00000000daa00000)
 ParOldGen       total 86016K, used 5517K [0x0000000082000000, 0x0000000087400000, 0x00000000d6000000)
  object space 86016K, 6% used [0x0000000082000000,0x00000000825637d8,0x0000000087400000)
 Metaspace       used 20459K, capacity 21138K, committed 21296K, reserved 1067008K
  class space    used 2663K, capacity 2835K, committed 2944K, reserved 1048576K
Event: 1.120 GC heap after
Heap after GC invocations=6 (full 1):
 PSYoungGen      total 70656K, used 0K [0x00000000d6000000, 0x00000000daa00000, 0x0000000100000000)
  eden space 65536K, 0% used [0x00000000d6000000,0x00000000d6000000,0x00000000da000000)
  from space 5120K, 0% used [0x00000000da000000,0x00000000da000000,0x00000000da500000)
  to   space 5120K, 0% used [0x00000000da500000,0x00000000da500000,0x00000000daa00000)
 ParOldGen       total 58880K, used 8964K [0x0000000082000000, 0x0000000085980000, 0x00000000d6000000)
  object space 58880K, 15% used [0x0000000082000000,0x00000000828c1300,0x0000000085980000)
 Metaspace       used 20459K, capacity 21138K, committed 21296K, reserved 1067008K
  class space    used 2663K, capacity 2835K, committed 2944K, reserved 1048576K
}
Event: 1.471 GC heap before
{Heap before GC invocations=7 (full 1):
 PSYoungGen      total 70656K, used 65536K [0x00000000d6000000, 0x00000000daa00000, 0x0000000100000000)
  eden space 65536K, 100% used [0x00000000d6000000,0x00000000da000000,0x00000000da000000)
  from space 5120K, 0% used [0x00000000da000000,0x00000000da000000,0x00000000da500000)
  to   space 5120K, 0% used [0x00000000da500000,0x00000000da500000,0x00000000daa00000)
 ParOldGen       total 58880K, used 8964K [0x0000000082000000, 0x0000000085980000, 0x00000000d6000000)
  object space 58880K, 15% used [0x0000000082000000,0x00000000828c1300,0x0000000085980000)
 Metaspace       used 23591K, capacity 24472K, committed 24704K, reserved 1071104K
  class space    used 3168K, capacity 3382K, committed 3456K, reserved 1048576K
Event: 1.474 GC heap after
Heap after GC invocations=7 (full 1):
 PSYoungGen      total 66560K, used 5114K [0x00000000d6000000, 0x00000000dd600000, 0x0000000100000000)
  eden space 61440K, 0% used [0x00000000d6000000,0x00000000d6000000,0x00000000d9c00000)
  from space 5120K, 99% used [0x00000000da500000,0x00000000da9fe870,0x00000000daa00000)
  to   space 9216K, 0% used [0x00000000d9c00000,0x00000000d9c00000,0x00000000da500000)
 ParOldGen       total 58880K, used 10204K [0x0000000082000000, 0x0000000085980000, 0x00000000d6000000)
  object space 58880K, 17% used [0x0000000082000000,0x00000000829f72b0,0x0000000085980000)
 Metaspace       used 23591K, capacity 24472K, committed 24704K, reserved 1071104K
  class space    used 3168K, capacity 3382K, committed 3456K, reserved 1048576K
}
Event: 6.025 GC heap before
{Heap before GC invocations=8 (full 1):
 PSYoungGen      total 66560K, used 66554K [0x00000000d6000000, 0x00000000dd600000, 0x0000000100000000)
  eden space 61440K, 100% used [0x00000000d6000000,0x00000000d9c00000,0x00000000d9c00000)
  from space 5120K, 99% used [0x00000000da500000,0x00000000da9fe870,0x00000000daa00000)
  to   space 9216K, 0% used [0x00000000d9c00000,0x00000000d9c00000,0x00000000da500000)
 ParOldGen       total 58880K, used 10204K [0x0000000082000000, 0x0000000085980000, 0x00000000d6000000)
  object space 58880K, 17% used [0x0000000082000000,0x00000000829f72b0,0x0000000085980000)
 Metaspace       used 26127K, capacity 27062K, committed 27264K, reserved 1073152K
  class space    used 3470K, capacity 3695K, committed 3712K, reserved 1048576K
Event: 6.030 GC heap after
Heap after GC invocations=8 (full 1):
 PSYoungGen      total 70656K, used 9174K [0x00000000d6000000, 0x00000000dcd80000, 0x0000000100000000)
  eden space 61440K, 0% used [0x00000000d6000000,0x00000000d6000000,0x00000000d9c00000)
  from space 9216K, 99% used [0x00000000d9c00000,0x00000000da4f5838,0x00000000da500000)
  to   space 10240K, 0% used [0x00000000dc380000,0x00000000dc380000,0x00000000dcd80000)
 ParOldGen       total 58880K, used 10212K [0x0000000082000000, 0x0000000085980000, 0x00000000d6000000)
  object space 58880K, 17% used [0x0000000082000000,0x00000000829f92b0,0x0000000085980000)
 Metaspace       used 26127K, capacity 27062K, committed 27264K, reserved 1073152K
  class space    used 3470K, capacity 3695K, committed 3712K, reserved 1048576K
}
Event: 6.295 GC heap before
{Heap before GC invocations=9 (full 1):
 PSYoungGen      total 70656K, used 70614K [0x00000000d6000000, 0x00000000dcd80000, 0x0000000100000000)
  eden space 61440K, 100% used [0x00000000d6000000,0x00000000d9c00000,0x00000000d9c00000)
  from space 9216K, 99% used [0x00000000d9c00000,0x00000000da4f5838,0x00000000da500000)
  to   space 10240K, 0% used [0x00000000dc380000,0x00000000dc380000,0x00000000dcd80000)
 ParOldGen       total 58880K, used 10212K [0x0000000082000000, 0x0000000085980000, 0x00000000d6000000)
  object space 58880K, 17% used [0x0000000082000000,0x00000000829f92b0,0x0000000085980000)
 Metaspace       used 27526K, capacity 28528K, committed 28800K, reserved 1075200K
  class space    used 3706K, capacity 3934K, committed 3968K, reserved 1048576K
Event: 6.304 GC heap after
Heap after GC invocations=9 (full 1):
 PSYoungGen      total 99840K, used 10217K [0x00000000d6000000, 0x00000000dd380000, 0x0000000100000000)
  eden space 89600K, 0% used [0x00000000d6000000,0x00000000d6000000,0x00000000db780000)
  from space 10240K, 99% used [0x00000000dc380000,0x00000000dcd7a678,0x00000000dcd80000)
  to   space 12288K, 0% used [0x00000000db780000,0x00000000db780000,0x00000000dc380000)
 ParOldGen       total 58880K, used 11155K [0x0000000082000000, 0x0000000085980000, 0x00000000d6000000)
  object space 58880K, 18% used [0x0000000082000000,0x0000000082ae4ee0,0x0000000085980000)
 Metaspace       used 27526K, capacity 28528K, committed 28800K, reserved 1075200K
  class space    used 3706K, capacity 3934K, committed 3968K, reserved 1048576K
}

